<?xml version="1.0" encoding="UTF-8"?>
<robot generator="Robot 4.1.3 (Python 3.10.5 on win32)" generated="20220720 18:58:48.885" rpa="true" schemaversion="2">
<suite id="s1" name="Meus Testes" source="C:\Users\rcher\Documents\GIT\RobotFramework\exemplo1\Meus Testes">
<suite id="s1-s1" name="Teste1" source="C:\Users\rcher\Documents\GIT\RobotFramework\exemplo1\Meus Testes\teste1.robot">
<test id="s1-s1-t1" name="Abrir pÃ¡gina">
<kw name="Open Available Browser">
<arg>${URL}</arg>
<msg timestamp="20220720 18:58:48.913" level="FAIL">No keyword with name 'Open Available Browser' found.</msg>
<status status="FAIL" starttime="20220720 18:58:48.913" endtime="20220720 18:58:48.913"/>
</kw>
<kw name="Input Text">
<arg>locator=css:#username</arg>
<arg>text=texto</arg>
<status status="NOT RUN" starttime="20220720 18:58:48.915" endtime="20220720 18:58:48.917"/>
</kw>
<kw name="Input Password">
<arg>locator=css:#password</arg>
<arg>password=texto</arg>
<status status="NOT RUN" starttime="20220720 18:58:48.917" endtime="20220720 18:58:48.917"/>
</kw>
<kw name="Sleep" library="BuiltIn">
<arg>2s</arg>
<doc>Pauses the test executed for the given time.</doc>
<status status="NOT RUN" starttime="20220720 18:58:48.917" endtime="20220720 18:58:48.919"/>
</kw>
<status status="FAIL" starttime="20220720 18:58:48.912" endtime="20220720 18:58:48.919">No keyword with name 'Open Available Browser' found.</status>
</test>
<doc>Template robot main suite.</doc>
<status status="FAIL" starttime="20220720 18:58:48.906" endtime="20220720 18:58:48.920"/>
</suite>
<status status="FAIL" starttime="20220720 18:58:48.887" endtime="20220720 18:58:48.922"/>
</suite>
<statistics>
<total>
<stat pass="0" fail="1" skip="0">All Tasks</stat>
</total>
<tag>
</tag>
<suite>
<stat pass="0" fail="1" skip="0" id="s1" name="Meus Testes">Meus Testes</stat>
<stat pass="0" fail="1" skip="0" id="s1-s1" name="Teste1">Meus Testes.Teste1</stat>
</suite>
</statistics>
<errors>
<msg timestamp="20220720 18:58:48.909" level="ERROR">Error in file 'C:\Users\rcher\Documents\GIT\RobotFramework\exemplo1\Meus Testes\teste1.robot' on line 3: Importing library 'RPA.Browser.Selenium' failed: ModuleNotFoundError: No module named 'RPA'
Traceback (most recent call last):
  None
PYTHONPATH:
  C:\Users\rcher\Documents\GIT\RobotFramework\exemplo1
  C:\Users\rcher\AppData\Local\Programs\Python\Python310\python310.zip
  C:\Users\rcher\AppData\Local\Programs\Python\Python310\DLLs
  C:\Users\rcher\AppData\Local\Programs\Python\Python310\lib
  C:\Users\rcher\AppData\Local\Programs\Python\Python310
  C:\Users\rcher\AppData\Local\Programs\Python\Python310\lib\site-packages</msg>
</errors>
</robot>
